Arguments: 
  D:\node\node.exe C:\Users\Administrator\AppData\Roaming\npm\node_modules\yarn\bin\yarn.js add webpack --D

PATH: 
  C:\Users\Administrator\bin;D:\Git\mingw64\bin;D:\Git\usr\local\bin;D:\Git\usr\bin;D:\Git\usr\bin;D:\Git\mingw64\bin;D:\Git\usr\bin;C:\Users\Administrator\bin;C:\windows\system32;C:\windows;C:\windows\System32\Wbem;C:\windows\System32\WindowsPowerShell\v1.0;D:\Git\cmd;D:\node;C:\Program Files\dotnet;C:\Program Files\Microsoft SQL Server\130\Tools\Binn;D:\MongoDB\bin;D:\phpstudy\PHPTutorial\MySQL\bin;C:\Program Files\MySQL\MySQL Utilities 1.6;E:\python3.7\Scripts;E:\python3.7;C:\Users\Administrator\AppData\Local\Microsoft\WindowsApps;D:\Microsoft VS Code\bin;C:\Users\Administrator\AppData\Roaming\npm;D:\Git\usr\bin\vendor_perl;D:\Git\usr\bin\core_perl

Yarn version: 
  1.12.3

Node version: 
  10.8.0

Platform: 
  win32 x64

Trace: 
  Error: ENOENT: no such file or directory, copyfile 'C:\Users\Administrator\AppData\Local\Yarn\Cache\v4\npm-is-descriptor-0.1.6-366d8240dde487ca51823b1ab9f07a10a78251ca\node_modules\is-descriptor\index.js' -> 'E:\webpack-demo2\node_modules\define-property\node_modules\is-descriptor\index.js'

npm manifest: 
  {
    "name": "webpack-demo2",
    "version": "1.0.0",
    "description": "",
    "main": "index.js",
    "scripts": {
      "test": "echo \"Error: no test specified\" && exit 1",
      "build": "node build/build.js",
      "dev": "webpack-dev-server --inline --progress --config build/webpack.dev.conf.js"
    },
    "author": "",
    "license": "ISC",
    "devDependencies": {
      "babel-core": "^6.26.3",
      "babel-loader": "^7.1.5",
      "babel-preset-env": "^1.7.0",
      "clean-webpack-plugin": "^1.0.0",
      "css-loader": "^2.1.0",
      "file-loader": "^3.0.1",
      "html-webpack-plugin": "^3.2.0",
      "vue-loader": "^15.4.2",
      "vue-style-loader": "^4.1.2",
      "vue-template-compiler": "^2.5.21",
      "webpack-dev-server": "^3.1.14",
      "webpack-merge": "^4.1.5"
    },
    "dependencies": {
      "vue": "^2.5.21",
      "yarn": "^1.12.3"
    }
  }

yarn manifest: 
  No manifest

Lockfile: 
  No lockfile
